\BOOKMARK [0][-]{section*.2}{فهرست اشکال}{}% 1
\BOOKMARK [0][-]{section*.3}{فهرست جداول}{}% 2
\BOOKMARK [0][-]{chapter.1}{مقدمه}{}% 3
\BOOKMARK [0][-]{chapter.2}{انواع روش‌های طبقه‌بندی ترافیک شبکه}{}% 4
\BOOKMARK [1][-]{section.2.1}{روش مبتنی بر درگاه }{chapter.2}% 5
\BOOKMARK [1][-]{section.2.2}{روش مبتنی پیلود }{chapter.2}% 6
\BOOKMARK [1][-]{section.2.3}{روش مبتنی بر رفتار میزبان }{chapter.2}% 7
\BOOKMARK [1][-]{section.2.4}{روش مبتنی بر یادگیری ماشین }{chapter.2}% 8
\BOOKMARK [2][-]{subsection.2.4.1}{یادگیری نظارت شده}{section.2.4}% 9
\BOOKMARK [2][-]{subsection.2.4.2}{یادگیری بدون نظارت}{section.2.4}% 10
\BOOKMARK [1][-]{section.2.5}{خلاصه}{chapter.2}% 11
\BOOKMARK [0][-]{chapter.3}{مدل سازی روش یادگیری ماشین}{}% 12
\BOOKMARK [1][-]{section.3.1}{جمع آوری داده}{chapter.3}% 13
\BOOKMARK [1][-]{section.3.2}{استخراج ویژگی ها}{chapter.3}% 14
\BOOKMARK [1][-]{section.3.3}{یادگیری نمونه}{chapter.3}% 15
\BOOKMARK [1][-]{section.3.4}{پیاده سازی الگوریتم}{chapter.3}% 16
\BOOKMARK [1][-]{section.3.5}{بررسی و تحلیل نتایج}{chapter.3}% 17
\BOOKMARK [1][-]{section.3.6}{خلاصه}{chapter.3}% 18
\BOOKMARK [0][-]{chapter.4}{ نتیجه گیری و پیشنهادها}{}% 19
\BOOKMARK [1][-]{section.4.1}{نتیجه گیری}{chapter.4}% 20
\BOOKMARK [1][-]{section.4.2}{پیشنهادها}{chapter.4}% 21
\BOOKMARK [0][-]{appendix*.5}{منابع و مراجع}{}% 22
